<?xml version="1.0" encoding="UTF-8"?>
<testsuite name="com.imohsenb.ISO8583.builders.GeneralMessageClassBuilderTest" tests="6" skipped="0" failures="0" errors="0" timestamp="2025-07-09T08:56:26.915Z" hostname="thinkpad" time="0.018">
  <properties/>
  <testcase name="checkRightPadding" classname="com.imohsenb.ISO8583.builders.GeneralMessageClassBuilderTest" time="0.016"/>
  <testcase name="OddPanShouldHaveCorrectLengthPrefixAndPaddingChar" classname="com.imohsenb.ISO8583.builders.GeneralMessageClassBuilderTest" time="0.0"/>
  <testcase name="checkWithoutSetHeader" classname="com.imohsenb.ISO8583.builders.GeneralMessageClassBuilderTest" time="0.0"/>
  <testcase name="checkLeftPadding" classname="com.imohsenb.ISO8583.builders.GeneralMessageClassBuilderTest" time="0.0"/>
  <testcase name="evenPanShouldHaveCorrectLengthPrefix" classname="com.imohsenb.ISO8583.builders.GeneralMessageClassBuilderTest" time="0.0"/>
  <testcase name="checkSetHeader" classname="com.imohsenb.ISO8583.builders.GeneralMessageClassBuilderTest" time="0.0"/>
  <system-out><![CDATA[08002020010000000000920000000001333F
080060000000000000001901234567890123456789920000
08002020010000000000920000000001F333
08006000000000000000161234567890123456920000
]]></system-out>
  <system-err><![CDATA[]]></system-err>
</testsuite>
